<?xml version="1.0" encoding="UTF-8"?>
<testng-results ignored="0" total="1" passed="1" failed="0" skipped="0">
  <reporter-output>
    <line>
      <![CDATA[Successfully Launched Chrome Browser]]>
    </line>
    <line>
      <![CDATA[Browser window is maximized successfully]]>
    </line>
  </reporter-output>
  <suite started-at="2022-03-02T19:05:33 IST" name="Default suite" finished-at="2022-03-02T19:05:46 IST" duration-ms="12547">
    <groups>
    </groups>
    <test started-at="2022-03-02T19:05:33 IST" name="Default test" finished-at="2022-03-02T19:05:46 IST" duration-ms="12547">
      <class name="skills.SampleTestCase">
        <test-method is-config="true" signature="openTheBrowser(java.lang.String)[pri:0, instance:skills.SampleTestCase@10e92f8f]" started-at="2022-03-02T19:05:33 IST" name="openTheBrowser" finished-at="2022-03-02T19:05:41 IST" duration-ms="7325" status="PASS">
          <params>
            <param index="0">
              <value>
                <![CDATA[chrome]]>
              </value>
            </param>
          </params>
          <reporter-output>
            <line>
              <![CDATA[Successfully Launched Chrome Browser]]>
            </line>
            <line>
              <![CDATA[Browser window is maximized successfully]]>
            </line>
          </reporter-output>
        </test-method> <!-- openTheBrowser -->
        <test-method is-config="true" signature="navigateToApplication()[pri:0, instance:skills.SampleTestCase@10e92f8f]" started-at="2022-03-02T19:05:41 IST" name="navigateToApplication" finished-at="2022-03-02T19:05:43 IST" duration-ms="2152" status="PASS">
          <reporter-output>
          </reporter-output>
        </test-method> <!-- navigateToApplication -->
        <test-method signature="sample()[pri:0, instance:skills.SampleTestCase@10e92f8f]" started-at="2022-03-02T19:05:43 IST" name="sample" finished-at="2022-03-02T19:05:45 IST" duration-ms="2490" status="PASS">
          <reporter-output>
          </reporter-output>
        </test-method> <!-- sample -->
        <test-method is-config="true" signature="closeTheBrowser()[pri:0, instance:skills.SampleTestCase@10e92f8f]" started-at="2022-03-02T19:05:45 IST" name="closeTheBrowser" finished-at="2022-03-02T19:05:46 IST" duration-ms="526" status="PASS">
          <reporter-output>
          </reporter-output>
        </test-method> <!-- closeTheBrowser -->
      </class> <!-- skills.SampleTestCase -->
    </test> <!-- Default test -->
  </suite> <!-- Default suite -->
</testng-results>
